2013-07-02 11:26:12,984 - SimpleLog4JLogSystem initialized using logfile 'velocity.log'
2013-07-02 11:26:12,984 - ************************************************************** 
2013-07-02 11:26:12,984 - Starting Jakarta Velocity v1.4
2013-07-02 11:26:12,984 - RuntimeInstance initializing.
2013-07-02 11:26:12,984 - Default Properties File: org\apache\velocity\runtime\defaults\velocity.properties
2013-07-02 11:26:12,984 - Trying to use logger class org.apache.velocity.runtime.log.AvalonLogSystem
2013-07-02 11:26:12,984 - Couldn't find class org.apache.velocity.runtime.log.AvalonLogSystem or necessary supporting classes in classpath. Exception : java.lang.NoClassDefFoundError: org/apache/log/format/Formatter
2013-07-02 11:26:12,984 - Trying to use logger class org.apache.velocity.runtime.log.SimpleLog4JLogSystem
2013-07-02 11:26:12,984 - Using logger class org.apache.velocity.runtime.log.SimpleLog4JLogSystem
2013-07-02 11:26:13,000 - Default ResourceManager initializing. (class org.apache.velocity.runtime.resource.ResourceManagerImpl)
2013-07-02 11:26:13,000 - Resource Loader Instantiated: org.apache.velocity.runtime.resource.loader.ClasspathResourceLoader
2013-07-02 11:26:13,000 - ClasspathResourceLoader : initialization starting.
2013-07-02 11:26:13,000 - ClasspathResourceLoader : initialization complete.
2013-07-02 11:26:13,000 - Resource Loader Instantiated: org.apache.velocity.tools.view.servlet.WebappLoader
2013-07-02 11:26:13,000 - WebappLoader : initialization starting.
2013-07-02 11:26:13,000 - WebappLoader : initialization complete.
2013-07-02 11:26:13,000 - ResourceCache : initialized. (class org.apache.velocity.runtime.resource.ResourceCacheImpl)
2013-07-02 11:26:13,000 - Default ResourceManager initialization complete.
2013-07-02 11:26:13,015 - Loaded System Directive: org.apache.velocity.runtime.directive.Literal
2013-07-02 11:26:13,015 - Loaded System Directive: org.apache.velocity.runtime.directive.Macro
2013-07-02 11:26:13,015 - Loaded System Directive: org.apache.velocity.runtime.directive.Parse
2013-07-02 11:26:13,031 - Loaded System Directive: org.apache.velocity.runtime.directive.Include
2013-07-02 11:26:13,031 - Loaded System Directive: org.apache.velocity.runtime.directive.Foreach
2013-07-02 11:26:13,031 - Loaded User Directive: net.sf.navigator.displayer.LocalDirective
2013-07-02 11:26:13,093 - Created: 20 parsers.
2013-07-02 11:26:13,125 - Velocimacro : initialization starting.
2013-07-02 11:26:13,125 - Velocimacro : adding VMs from VM library template : globalMacros.vm
2013-07-02 11:26:13,140 - Velocimacro : added new VM : #eval( _macro ) : source = globalMacros.vm
2013-07-02 11:26:13,187 - Velocimacro : added new VM : #displayMenu( menu level ) : source = globalMacros.vm
2013-07-02 11:26:13,234 - ResourceManager : found globalMacros.vm with loader org.apache.velocity.runtime.resource.loader.ClasspathResourceLoader
2013-07-02 11:26:13,234 - Velocimacro :  VM library template macro registration complete.
2013-07-02 11:26:13,234 - Velocimacro : allowInline = true : VMs can be defined inline in templates
2013-07-02 11:26:13,234 - Velocimacro : allowInlineToOverride = true : VMs defined inline may replace previous VM definitions
2013-07-02 11:26:13,234 - Velocimacro : allowInlineLocal = false : VMs defined inline will be  global in scope if allowed.
2013-07-02 11:26:13,234 - Velocimacro : messages on  : VM system will output logging messages
2013-07-02 11:26:13,234 - Velocimacro : autoload on  : VM system will automatically reload global library macros
2013-07-02 11:26:13,250 - Velocimacro : initialization complete.
2013-07-02 11:26:13,250 - Velocity successfully started.
2013-07-02 11:26:13,250 - Velocimacro : added new VM : #menuItem( menu level ) : source = /templates/indextabs.html
2013-07-02 11:26:13,265 - ResourceManager : found /templates/indextabs.html with loader org.apache.velocity.tools.view.servlet.WebappLoader
2013-07-02 11:26:13,312 - Velocimacro : added new VM : #menuItem( menu level ) : source = /templates/index.html
2013-07-02 11:26:13,328 - ResourceManager : found /templates/index.html with loader org.apache.velocity.tools.view.servlet.WebappLoader
2013-07-02 11:27:00,703 - Velocimacro : added new VM : #menuItem( menu level ) : source = /templates/table.html
2013-07-02 11:27:00,703 - ResourceManager : found /templates/table.html with loader org.apache.velocity.tools.view.servlet.WebappLoader
2013-07-02 11:27:00,718 - Velocimacro : added new VM : #menuItem( menu level ) : source = simple.html
2013-07-02 11:27:00,718 - ResourceManager : found simple.html with loader org.apache.velocity.runtime.resource.loader.ClasspathResourceLoader
2013-07-02 11:27:06,453 - Velocimacro : added new VM : #menuItem( menu level ) : source = /templates/xtree.html
2013-07-02 11:27:06,453 - ResourceManager : found /templates/xtree.html with loader org.apache.velocity.tools.view.servlet.WebappLoader
2013-07-02 11:27:06,468 - Velocimacro : added new VM : #menuItem( menu level ) : source = /templates/xtree.html
2013-07-02 11:27:06,468 - ResourceManager : found /templates/xtree.html with loader org.apache.velocity.tools.view.servlet.WebappLoader
2013-07-02 11:27:06,468 - Velocimacro : added new VM : #menuItem( menu level ) : source = /templates/xtree.html
2013-07-02 11:27:06,468 - ResourceManager : found /templates/xtree.html with loader org.apache.velocity.tools.view.servlet.WebappLoader
2013-07-02 11:27:31,421 - Velocimacro : added new VM : #menuItem( menu level ) : source = /templates/nicetabs.html
2013-07-02 11:27:31,421 - ResourceManager : found /templates/nicetabs.html with loader org.apache.velocity.tools.view.servlet.WebappLoader
2013-07-02 11:27:31,437 - Velocimacro : added new VM : #menuItem( menu level ) : source = /templates/nicetabs.html
2013-07-02 11:27:31,437 - ResourceManager : found /templates/nicetabs.html with loader org.apache.velocity.tools.view.servlet.WebappLoader
2013-07-02 11:27:31,437 - Velocimacro : added new VM : #menuItem( menu level ) : source = /templates/nicetabs.html
2013-07-02 11:27:31,437 - ResourceManager : found /templates/nicetabs.html with loader org.apache.velocity.tools.view.servlet.WebappLoader
2013-07-02 11:27:31,453 - Velocimacro : added new VM : #menuItem( menu level ) : source = /templates/nicetabs.html
2013-07-02 11:27:31,453 - ResourceManager : found /templates/nicetabs.html with loader org.apache.velocity.tools.view.servlet.WebappLoader
2013-07-02 11:27:33,109 - Velocimacro : added new VM : #menuItem( menu level ) : source = /templates/nicetabs.html
2013-07-02 11:27:33,109 - ResourceManager : found /templates/nicetabs.html with loader org.apache.velocity.tools.view.servlet.WebappLoader
2013-07-02 11:27:33,109 - Velocimacro : added new VM : #menuItem( menu level ) : source = /templates/nicetabs.html
2013-07-02 11:27:33,109 - ResourceManager : found /templates/nicetabs.html with loader org.apache.velocity.tools.view.servlet.WebappLoader
2013-07-02 11:27:33,125 - Velocimacro : added new VM : #menuItem( menu level ) : source = /templates/nicetabs.html
2013-07-02 11:27:33,125 - ResourceManager : found /templates/nicetabs.html with loader org.apache.velocity.tools.view.servlet.WebappLoader
2013-07-02 11:27:33,125 - Velocimacro : added new VM : #menuItem( menu level ) : source = /templates/nicetabs.html
2013-07-02 11:27:33,125 - ResourceManager : found /templates/nicetabs.html with loader org.apache.velocity.tools.view.servlet.WebappLoader
2013-07-02 11:27:34,203 - Velocimacro : added new VM : #menuItem( menu level ) : source = /templates/nicetabs.html
2013-07-02 11:27:34,203 - ResourceManager : found /templates/nicetabs.html with loader org.apache.velocity.tools.view.servlet.WebappLoader
2013-07-02 11:27:34,203 - Velocimacro : added new VM : #menuItem( menu level ) : source = /templates/nicetabs.html
2013-07-02 11:27:34,203 - ResourceManager : found /templates/nicetabs.html with loader org.apache.velocity.tools.view.servlet.WebappLoader
2013-07-02 11:27:34,218 - Velocimacro : added new VM : #menuItem( menu level ) : source = /templates/nicetabs.html
2013-07-02 11:27:34,218 - ResourceManager : found /templates/nicetabs.html with loader org.apache.velocity.tools.view.servlet.WebappLoader
2013-07-02 11:27:34,218 - Velocimacro : added new VM : #menuItem( menu level ) : source = /templates/nicetabs.html
2013-07-02 11:27:34,218 - ResourceManager : found /templates/nicetabs.html with loader org.apache.velocity.tools.view.servlet.WebappLoader
2013-07-02 11:27:39,312 - Velocimacro : added new VM : #menuItem( menu level ) : source = /templates/indextabs.html
2013-07-02 11:27:39,312 - ResourceManager : found /templates/indextabs.html with loader org.apache.velocity.tools.view.servlet.WebappLoader
2013-07-02 11:27:39,312 - Velocimacro : added new VM : #menuItem( menu level ) : source = /templates/index.html
2013-07-02 11:27:39,328 - ResourceManager : found /templates/index.html with loader org.apache.velocity.tools.view.servlet.WebappLoader
2013-07-02 11:27:49,000 - Velocimacro : added new VM : #menuItem( menu level ) : source = /templates/table.html
2013-07-02 11:27:49,000 - ResourceManager : found /templates/table.html with loader org.apache.velocity.tools.view.servlet.WebappLoader
2013-07-02 11:27:49,015 - Velocimacro : added new VM : #menuItem( menu level ) : source = /templates/table.html
2013-07-02 11:27:49,015 - ResourceManager : found /templates/table.html with loader org.apache.velocity.tools.view.servlet.WebappLoader
2013-07-02 11:28:11,312 - Velocimacro : added new VM : #menuItem( menu level ) : source = /templates/indextabs.html
2013-07-02 11:28:11,312 - ResourceManager : found /templates/indextabs.html with loader org.apache.velocity.tools.view.servlet.WebappLoader
2013-07-02 11:28:11,328 - Velocimacro : added new VM : #menuItem( menu level ) : source = /templates/index.html
2013-07-02 11:28:11,328 - ResourceManager : found /templates/index.html with loader org.apache.velocity.tools.view.servlet.WebappLoader
2013-07-02 11:28:18,875 - Velocimacro : added new VM : #menuItem( menu level ) : source = /templates/indextabs.html
2013-07-02 11:28:18,875 - ResourceManager : found /templates/indextabs.html with loader org.apache.velocity.tools.view.servlet.WebappLoader
2013-07-02 11:28:18,890 - Velocimacro : added new VM : #menuItem( menu level ) : source = /templates/index.html
2013-07-02 11:28:18,890 - ResourceManager : found /templates/index.html with loader org.apache.velocity.tools.view.servlet.WebappLoader
2013-07-02 11:32:54,937 - Velocimacro : added new VM : #menuItem( menu level ) : source = /templates/indextabs.html
2013-07-02 11:32:54,937 - ResourceManager : found /templates/indextabs.html with loader org.apache.velocity.tools.view.servlet.WebappLoader
2013-07-02 11:32:54,937 - Velocimacro : added new VM : #menuItem( menu level ) : source = /templates/index.html
2013-07-02 11:32:54,937 - ResourceManager : found /templates/index.html with loader org.apache.velocity.tools.view.servlet.WebappLoader
2013-07-02 11:33:02,718 - Velocimacro : added new VM : #menuItem( menu level ) : source = /templates/xtree.html
2013-07-02 11:33:02,718 - ResourceManager : found /templates/xtree.html with loader org.apache.velocity.tools.view.servlet.WebappLoader
2013-07-02 11:33:02,734 - Velocimacro : added new VM : #menuItem( menu level ) : source = /templates/xtree.html
2013-07-02 11:33:02,734 - ResourceManager : found /templates/xtree.html with loader org.apache.velocity.tools.view.servlet.WebappLoader
2013-07-02 11:33:02,734 - Velocimacro : added new VM : #menuItem( menu level ) : source = /templates/xtree.html
2013-07-02 11:33:02,734 - ResourceManager : found /templates/xtree.html with loader org.apache.velocity.tools.view.servlet.WebappLoader
2013-07-02 11:33:58,593 - Velocimacro : added new VM : #menuItem( menu level ) : source = /templates/indextabs.html
2013-07-02 11:33:58,593 - ResourceManager : found /templates/indextabs.html with loader org.apache.velocity.tools.view.servlet.WebappLoader
2013-07-02 11:33:58,609 - Velocimacro : added new VM : #menuItem( menu level ) : source = /templates/index.html
2013-07-02 11:33:58,609 - ResourceManager : found /templates/index.html with loader org.apache.velocity.tools.view.servlet.WebappLoader
2013-07-02 11:34:50,906 - Velocimacro : added new VM : #menuItem( menu level ) : source = /templates/indextabs.html
2013-07-02 11:34:50,906 - ResourceManager : found /templates/indextabs.html with loader org.apache.velocity.tools.view.servlet.WebappLoader
2013-07-02 11:34:50,921 - Velocimacro : added new VM : #menuItem( menu level ) : source = /templates/index.html
2013-07-02 11:34:50,921 - ResourceManager : found /templates/index.html with loader org.apache.velocity.tools.view.servlet.WebappLoader
2013-07-02 11:34:57,515 - Velocimacro : added new VM : #menuItem( menu level ) : source = /templates/indextabs.html
2013-07-02 11:34:57,515 - ResourceManager : found /templates/indextabs.html with loader org.apache.velocity.tools.view.servlet.WebappLoader
2013-07-02 11:34:57,531 - Velocimacro : added new VM : #menuItem( menu level ) : source = /templates/index.html
2013-07-02 11:34:57,531 - ResourceManager : found /templates/index.html with loader org.apache.velocity.tools.view.servlet.WebappLoader
