2013-7-2 11:25:41 org.apache.catalina.core.AprLifecycleListener init
信息: Loaded APR based Apache Tomcat Native library 1.1.20.
2013-7-2 11:25:41 org.apache.catalina.core.AprLifecycleListener init
信息: APR capabilities: IPv6 [true], sendfile [true], accept filters [false], random [true].
2013-7-2 11:25:41 org.apache.coyote.http11.Http11AprProtocol init
信息: Initializing Coyote HTTP/1.1 on http-8088
2013-7-2 11:25:41 org.apache.coyote.ajp.AjpAprProtocol init
信息: Initializing Coyote AJP/1.3 on ajp-8045
2013-7-2 11:25:41 org.apache.catalina.startup.Catalina load
信息: Initialization processed in 938 ms
2013-7-2 11:25:42 org.apache.catalina.core.StandardService start
信息: Starting service Catalina
2013-7-2 11:25:42 org.apache.catalina.core.StandardEngine start
信息: Starting Servlet Engine: Apache Tomcat/5.5.30
2013-7-2 11:25:42 org.apache.catalina.core.StandardHost start
信息: XML validation disabled
2013-7-2 11:25:42 org.apache.catalina.startup.HostConfig deployWAR
信息: Deploying web application archive struts-menu.war
2013-7-2 11:25:47 org.apache.catalina.core.StandardContext start
严重: Error listenerStart
2013-7-2 11:25:47 org.apache.catalina.core.StandardContext start
严重: Context [/jade] startup failed due to previous errors
2013-7-2 11:25:47 org.apache.coyote.http11.Http11AprProtocol start
信息: Starting Coyote HTTP/1.1 on http-8088
2013-7-2 11:25:47 org.apache.coyote.ajp.AjpAprProtocol start
信息: Starting Coyote AJP/1.3 on ajp-8045
2013-7-2 11:25:47 org.apache.catalina.storeconfig.StoreLoader load
信息: Find registry server-registry.xml at classpath resource
2013-7-2 11:25:47 org.apache.catalina.startup.Catalina start
信息: Server startup in 5578 ms
2013-7-2 11:35:05 org.apache.coyote.http11.Http11AprProtocol pause
信息: Pausing Coyote HTTP/1.1 on http-8088
2013-7-2 11:35:05 org.apache.coyote.ajp.AjpAprProtocol pause
信息: Pausing Coyote AJP/1.3 on ajp-8045
2013-7-2 11:35:06 org.apache.catalina.core.StandardService stop
信息: Stopping service Catalina
2013-7-2 11:35:07 org.apache.coyote.http11.Http11AprProtocol destroy
信息: Stopping Coyote HTTP/1.1 on http-8088
2013-7-2 11:35:07 org.apache.coyote.ajp.AjpAprProtocol destroy
信息: Stopping Coyote AJP/1.3 on ajp-8045
